<?xml version="1.0" encoding="UTF-8"?>
<!-- Generated by org.testng.reporters.JUnitXMLReporter -->
<testsuite hostname="BoopathiPC" ignored="0" name="Default test" tests="4" failures="0" timestamp="2020-08-09T15:17:21 IST" time="54.306" errors="0">
  <testcase name="login" time="17.221" classname="POM.LoginTestCase"/>
  <testcase name="login" time="13.853" classname="POM.LoginTestCase"/>
  <testcase name="login" time="9.679" classname="POM.LoginTestCase"/>
  <testcase name="login" time="13.408" classname="POM.LoginTestCase"/>
</testsuite> <!-- Default test -->
